0 verbose cli /usr/local/bin/node /usr/local/bin/npm
1 info using npm@11.6.1
2 info using node@v24.11.0
3 silly config load:file:/usr/local/lib/node_modules/npm/npmrc
4 silly config load:file:/Users/sherkhan/Downloads/gtv-main/.npmrc
5 silly config load:file:/Users/sherkhan/.npmrc
6 silly config load:file:/usr/local/etc/npmrc
7 verbose title npm install
8 verbose argv "install"
9 verbose logfile logs-max:10 dir:/Users/sherkhan/Downloads/gtv-main/temp-npm-cache/_logs/2026-02-22T14_30_05_862Z-
10 verbose logfile /Users/sherkhan/Downloads/gtv-main/temp-npm-cache/_logs/2026-02-22T14_30_05_862Z-debug-0.log
11 silly logfile done cleaning log files
12 silly packumentCache heap:4496293888 maxSize:1124073472 maxEntrySize:562036736
13 silly idealTree buildDeps
14 silly fetch manifest systeminformation@^5.7
15 silly packumentCache full:https://registry.npmjs.org/systeminformation cache-miss
16 http fetch GET 200 https://registry.npmjs.org/npm 310ms
17 http fetch GET 200 https://registry.npmjs.org/systeminformation 518ms (cache miss)
18 silly packumentCache full:https://registry.npmjs.org/systeminformation set size:undefined disposed:false
19 silly placeDep ROOT systeminformation@5.31.1 OK for: pm2-sysmonit@1.2.8 want: ^5.7
20 verbose stack TypeError: Invalid Version: 
20 verbose stack     at new SemVer (/usr/local/lib/node_modules/npm/node_modules/semver/classes/semver.js:40:13)
20 verbose stack     at compare (/usr/local/lib/node_modules/npm/node_modules/semver/functions/compare.js:5:32)
20 verbose stack     at Object.eq (/usr/local/lib/node_modules/npm/node_modules/semver/functions/eq.js:4:29)
20 verbose stack     at Node.canDedupe (/usr/local/lib/node_modules/npm/node_modules/@npmcli/arborist/lib/node.js:1140:32)
20 verbose stack     at PlaceDep.pruneDedupable (/usr/local/lib/node_modules/npm/node_modules/@npmcli/arborist/lib/place-dep.js:426:14)
20 verbose stack     at new PlaceDep (/usr/local/lib/node_modules/npm/node_modules/@npmcli/arborist/lib/place-dep.js:278:14)
20 verbose stack     at #buildDepStep (/usr/local/lib/node_modules/npm/node_modules/@npmcli/arborist/lib/arborist/build-ideal-tree.js:932:18)
20 verbose stack     at async Arborist.buildIdealTree (/usr/local/lib/node_modules/npm/node_modules/@npmcli/arborist/lib/arborist/build-ideal-tree.js:182:7)
20 verbose stack     at async Promise.all (index 1)
20 verbose stack     at async Arborist.reify (/usr/local/lib/node_modules/npm/node_modules/@npmcli/arborist/lib/arborist/reify.js:117:5)
21 error Invalid Version: 
22 silly unfinished npm timer reify 1771770606641
23 silly unfinished npm timer reify:loadTrees 1771770606642
24 silly unfinished npm timer idealTree:buildDeps 1771770606774
25 silly unfinished npm timer idealTree:node_modules/pm2-sysmonit 1771770606775
26 verbose cwd /Users/sherkhan/Downloads/gtv-main
27 verbose os Darwin 24.6.0
28 verbose node v24.11.0
29 verbose npm  v11.6.1
30 notice
30 notice New [33mminor[39m version of npm available! [33m11.6.1[39m -> [34m11.10.1[39m
30 notice Changelog: [34mhttps://github.com/npm/cli/releases/tag/v11.10.1[39m
30 notice To update run: [4mnpm install -g npm@11.10.1[24m
30 notice  { force: true, Symbol(proc-log.meta): true }
31 verbose exit 1
32 verbose code 1
33 error A complete log of this run can be found in: /Users/sherkhan/Downloads/gtv-main/temp-npm-cache/_logs/2026-02-22T14_30_05_862Z-debug-0.log
